<?xml version="1.0" encoding="UTF-8"?>
<testsuite xmlns:xsi="http://www.w3.org/2001/XMLSchema-instance" xsi:noNamespaceSchemaLocation="https://maven.apache.org/surefire/maven-surefire-plugin/xsd/surefire-test-report-3.0.xsd" version="3.0" name="batalha.PersonagemTest" time="0.025" tests="10" errors="0" skipped="0" failures="0">
  <properties>
[...]
</properties>
  <testcase name="testeChecarRegraDeClasseAssassinoLancaExcecao" classname="batalha.PersonagemTest" time="0.002"/>
  <testcase name="testeChecarTotalIgualA21_LancaExcecao" classname="batalha.PersonagemTest" time="0.002"/>
  <testcase name="testeChecarMinimoIgualA3_NaoLancaExcecao" classname="batalha.PersonagemTest" time="0.002"/>
  <testcase name="testeChecarTotalIgualA20_NaoLancaExcecao" classname="batalha.PersonagemTest" time="0.001"/>
  <testcase name="testeChecarMinimoIgualA2_LancaExcecao" classname="batalha.PersonagemTest" time="0.002"/>
  <testcase name="testeChecarMinimoIgualA4_NaoLancaExcecao" classname="batalha.PersonagemTest" time="0.002"/>
  <testcase name="testeChecarRegraDeClasseAssassinoValido" classname="batalha.PersonagemTest" time="0.003"/>
  <testcase name="testeChecarRegraDeClasseGuerreiroValido" classname="batalha.PersonagemTest" time="0.001"/>
  <testcase name="testeChecarRegraDeClasseGuerreiroLancaExcecao" classname="batalha.PersonagemTest" time="0.002"/>
  <testcase name="testeChecarTotalIgualA19_LancaExcecao" classname="batalha.PersonagemTest" time="0.002"/>
</testsuite>